Determining if the C compiler works failed with the following output:
Change Dir: /Users/dida/Android/Github/mars-master/samples/android/xlogSample/app/.cxx/cmake/release/armeabi/CMakeFiles/CMakeTmp

Run Build Command:"/Users/dida/Library/Android/sdk/cmake/3.10.2.4988404/bin/ninja" "cmTC_b82d1"
[1/2] Building C object CMakeFiles/cmTC_b82d1.dir/testCCompiler.c.o
FAILED: CMakeFiles/cmTC_b82d1.dir/testCCompiler.c.o 
/Users/dida/Develop/android-ndk-r16b/toolchains/llvm/prebuilt/darwin-x86_64/bin/clang --target=armv5te-none-linux-androideabi --gcc-toolchain=/Users/dida/Develop/android-ndk-r16b/toolchains/arm-linux-androideabi-4.9/prebuilt/darwin-x86_64 --sysroot=/Users/dida/Develop/android-ndk-r16b/sysroot   -isystem /Users/dida/Develop/android-ndk-r16b/sysroot/usr/include/arm-linux-androideabi -D__ANDROID_API__=16 -g -DANDROID -ffunction-sections -funwind-tables -fstack-protector-strong -no-canonical-prefixes -march=armv5te -mtune=xscale -msoft-float -fno-integrated-as -mthumb -Wa,--noexecstack -Wformat -Werror=format-security   -fPIE -o CMakeFiles/cmTC_b82d1.dir/testCCompiler.c.o   -c testCCompiler.c
clang: error: unable to execute command: Killed: 9
clang: error: assembler command failed due to signal (use -v to see invocation)
Android clang version 5.0.300080  (based on LLVM 5.0.300080)
Target: armv5te-none-linux-android
Thread model: posix
InstalledDir: /Users/dida/Develop/android-ndk-r16b/toolchains/llvm/prebuilt/darwin-x86_64/bin
clang: note: diagnostic msg: PLEASE submit a bug report to http://llvm.org/bugs/ and include the crash backtrace, preprocessed source, and associated run script.
clang: note: diagnostic msg: 
********************

PLEASE ATTACH THE FOLLOWING FILES TO THE BUG REPORT:
Preprocessed source(s) and associated run script(s) are located at:
clang: note: diagnostic msg: /var/folders/wq/jd6vyzzs09s6s1h1d8kjdkd40000gn/T/testCCompiler-b37bcf.c
clang: note: diagnostic msg: /var/folders/wq/jd6vyzzs09s6s1h1d8kjdkd40000gn/T/testCCompiler-b37bcf.sh
clang: note: diagnostic msg: 

********************
ninja: build stopped: subcommand failed.


